0 info it worked if it ends with ok
1 verbose cli [ 'C:\\Program Files\\nodejs\\node.exe',
1 verbose cli   'C:\\Program Files\\nodejs\\node_modules\\npm\\bin\\npm-cli.js',
1 verbose cli   'install',
1 verbose cli   'msnodesql' ]
2 info using npm@3.3.6
3 info using node@v5.0.0
4 silly loadCurrentTree Starting
5 silly install loadCurrentTree
6 silly install readLocalPackageData
7 silly fetchPackageMetaData msnodesql
8 silly fetchNamedPackageData msnodesql
9 silly mapToRegistry name msnodesql
10 silly mapToRegistry using default registry
11 silly mapToRegistry registry https://registry.npmjs.org/
12 silly mapToRegistry uri https://registry.npmjs.org/msnodesql
13 verbose request uri https://registry.npmjs.org/msnodesql
14 verbose request no auth needed
15 info attempt registry request try #1 at 12:12:38 PM
16 verbose request id a5920ab0b8a559fe
17 verbose etag "7D6GXUWBNNHFD5MORNSOA2AZG"
18 http request GET https://registry.npmjs.org/msnodesql
19 http 304 https://registry.npmjs.org/msnodesql
20 verbose headers { date: 'Sat, 14 Nov 2015 17:12:27 GMT',
20 verbose headers   via: '1.1 varnish',
20 verbose headers   'cache-control': 'max-age=60',
20 verbose headers   etag: '"7D6GXUWBNNHFD5MORNSOA2AZG"',
20 verbose headers   age: '0',
20 verbose headers   connection: 'keep-alive',
20 verbose headers   'x-served-by': 'cache-jfk1030-JFK',
20 verbose headers   'x-cache': 'MISS',
20 verbose headers   'x-cache-hits': '0',
20 verbose headers   'x-timer': 'S1447521147.818530,VS0,VE81',
20 verbose headers   vary: 'Accept' }
21 silly get cb [ 304,
21 silly get   { date: 'Sat, 14 Nov 2015 17:12:27 GMT',
21 silly get     via: '1.1 varnish',
21 silly get     'cache-control': 'max-age=60',
21 silly get     etag: '"7D6GXUWBNNHFD5MORNSOA2AZG"',
21 silly get     age: '0',
21 silly get     connection: 'keep-alive',
21 silly get     'x-served-by': 'cache-jfk1030-JFK',
21 silly get     'x-cache': 'MISS',
21 silly get     'x-cache-hits': '0',
21 silly get     'x-timer': 'S1447521147.818530,VS0,VE81',
21 silly get     vary: 'Accept' } ]
22 verbose etag https://registry.npmjs.org/msnodesql from cache
23 verbose get saving msnodesql to C:\Users\Brandon\AppData\Roaming\npm-cache\registry.npmjs.org\msnodesql\.cache.json
24 silly install normalizeTree
25 silly loadCurrentTree Finishing
26 silly loadIdealTree Starting
27 silly install loadIdealTree
28 silly cloneCurrentTree Starting
29 silly install cloneCurrentTreeToIdealTree
30 silly cloneCurrentTree Finishing
31 silly loadShrinkwrap Starting
32 silly install loadShrinkwrap
33 silly loadShrinkwrap Finishing
34 silly loadAllDepsIntoIdealTree Starting
35 silly install loadAllDepsIntoIdealTree
36 silly resolveWithNewModule msnodesql@0.2.1 checking installable status
37 silly cache add args [ 'msnodesql', null ]
38 verbose cache add spec msnodesql
39 silly cache add parsed spec Result {
39 silly cache add   raw: 'msnodesql',
39 silly cache add   scope: null,
39 silly cache add   name: 'msnodesql',
39 silly cache add   rawSpec: '',
39 silly cache add   spec: '*',
39 silly cache add   type: 'range' }
40 silly addNamed msnodesql@*
41 verbose addNamed "*" is a valid semver range for msnodesql
42 silly addNameRange { name: 'msnodesql', range: '*', hasData: false }
43 silly mapToRegistry name msnodesql
44 silly mapToRegistry using default registry
45 silly mapToRegistry registry https://registry.npmjs.org/
46 silly mapToRegistry uri https://registry.npmjs.org/msnodesql
47 verbose addNameRange registry:https://registry.npmjs.org/msnodesql not in flight; fetching
48 verbose get https://registry.npmjs.org/msnodesql not expired, no request
49 silly addNameRange number 2 { name: 'msnodesql', range: '*', hasData: true }
50 silly addNameRange versions [ 'msnodesql', [ '0.1.0', '0.2.0', '0.2.1' ] ]
51 silly addNamed msnodesql@0.2.1
52 verbose addNamed "0.2.1" is a plain semver version for msnodesql
53 silly cache afterAdd msnodesql@0.2.1
54 verbose afterAdd C:\Users\Brandon\AppData\Roaming\npm-cache\msnodesql\0.2.1\package\package.json not in flight; writing
55 verbose afterAdd C:\Users\Brandon\AppData\Roaming\npm-cache\msnodesql\0.2.1\package\package.json written
56 silly fetchNamedPackageData bufferutil
57 silly mapToRegistry name bufferutil
58 silly mapToRegistry using default registry
59 silly mapToRegistry registry https://registry.npmjs.org/
60 silly mapToRegistry uri https://registry.npmjs.org/bufferutil
61 silly fetchNamedPackageData utf-8-validate
62 silly mapToRegistry name utf-8-validate
63 silly mapToRegistry using default registry
64 silly mapToRegistry registry https://registry.npmjs.org/
65 silly mapToRegistry uri https://registry.npmjs.org/utf-8-validate
66 verbose request uri https://registry.npmjs.org/utf-8-validate
67 verbose request no auth needed
68 info attempt registry request try #1 at 12:12:39 PM
69 verbose etag "E7XYFT7FUBMH6H6XYWMIRAGJ0"
70 http request GET https://registry.npmjs.org/utf-8-validate
71 verbose request uri https://registry.npmjs.org/bufferutil
72 verbose request no auth needed
73 info attempt registry request try #1 at 12:12:39 PM
74 verbose etag "9NLYGHUX8MGYC2LICJDWKWNPW"
75 http request GET https://registry.npmjs.org/bufferutil
76 http 304 https://registry.npmjs.org/bufferutil
77 verbose headers { date: 'Sat, 14 Nov 2015 17:12:28 GMT',
77 verbose headers   via: '1.1 varnish',
77 verbose headers   'cache-control': 'max-age=60',
77 verbose headers   etag: '"9NLYGHUX8MGYC2LICJDWKWNPW"',
77 verbose headers   age: '50',
77 verbose headers   connection: 'keep-alive',
77 verbose headers   'x-served-by': 'cache-jfk1033-JFK',
77 verbose headers   'x-cache': 'HIT',
77 verbose headers   'x-cache-hits': '1',
77 verbose headers   'x-timer': 'S1447521148.561207,VS0,VE0',
77 verbose headers   vary: 'Accept' }
78 silly get cb [ 304,
78 silly get   { date: 'Sat, 14 Nov 2015 17:12:28 GMT',
78 silly get     via: '1.1 varnish',
78 silly get     'cache-control': 'max-age=60',
78 silly get     etag: '"9NLYGHUX8MGYC2LICJDWKWNPW"',
78 silly get     age: '50',
78 silly get     connection: 'keep-alive',
78 silly get     'x-served-by': 'cache-jfk1033-JFK',
78 silly get     'x-cache': 'HIT',
78 silly get     'x-cache-hits': '1',
78 silly get     'x-timer': 'S1447521148.561207,VS0,VE0',
78 silly get     vary: 'Accept' } ]
79 verbose etag https://registry.npmjs.org/bufferutil from cache
80 verbose get saving bufferutil to C:\Users\Brandon\AppData\Roaming\npm-cache\registry.npmjs.org\bufferutil\.cache.json
81 silly resolveWithNewModule bufferutil@1.2.1 checking installable status
82 silly cache add args [ 'bufferutil@1.2.x', null ]
83 verbose cache add spec bufferutil@1.2.x
84 silly cache add parsed spec Result {
84 silly cache add   raw: 'bufferutil@1.2.x',
84 silly cache add   scope: null,
84 silly cache add   name: 'bufferutil',
84 silly cache add   rawSpec: '1.2.x',
84 silly cache add   spec: '>=1.2.0 <1.3.0',
84 silly cache add   type: 'range' }
85 silly addNamed bufferutil@>=1.2.0 <1.3.0
86 verbose addNamed ">=1.2.0 <1.3.0" is a valid semver range for bufferutil
87 silly addNameRange { name: 'bufferutil', range: '>=1.2.0 <1.3.0', hasData: false }
88 silly mapToRegistry name bufferutil
89 silly mapToRegistry using default registry
90 silly mapToRegistry registry https://registry.npmjs.org/
91 silly mapToRegistry uri https://registry.npmjs.org/bufferutil
92 verbose addNameRange registry:https://registry.npmjs.org/bufferutil not in flight; fetching
93 verbose get https://registry.npmjs.org/bufferutil not expired, no request
94 silly addNameRange number 2 { name: 'bufferutil', range: '>=1.2.0 <1.3.0', hasData: true }
95 silly addNameRange versions [ 'bufferutil',
95 silly addNameRange   [ '1.0.0', '1.0.1', '1.1.0', '1.2.0', '1.2.1' ] ]
96 silly addNamed bufferutil@1.2.1
97 verbose addNamed "1.2.1" is a plain semver version for bufferutil
98 silly cache afterAdd bufferutil@1.2.1
99 verbose afterAdd C:\Users\Brandon\AppData\Roaming\npm-cache\bufferutil\1.2.1\package\package.json not in flight; writing
100 verbose afterAdd C:\Users\Brandon\AppData\Roaming\npm-cache\bufferutil\1.2.1\package\package.json written
101 http 304 https://registry.npmjs.org/utf-8-validate
102 verbose headers { date: 'Sat, 14 Nov 2015 17:12:28 GMT',
102 verbose headers   via: '1.1 varnish',
102 verbose headers   'cache-control': 'max-age=60',
102 verbose headers   etag: '"E7XYFT7FUBMH6H6XYWMIRAGJ0"',
102 verbose headers   age: '50',
102 verbose headers   connection: 'keep-alive',
102 verbose headers   'x-served-by': 'cache-jfk1028-JFK',
102 verbose headers   'x-cache': 'HIT',
102 verbose headers   'x-cache-hits': '1',
102 verbose headers   'x-timer': 'S1447521148.634596,VS0,VE0',
102 verbose headers   vary: 'Accept' }
103 silly get cb [ 304,
103 silly get   { date: 'Sat, 14 Nov 2015 17:12:28 GMT',
103 silly get     via: '1.1 varnish',
103 silly get     'cache-control': 'max-age=60',
103 silly get     etag: '"E7XYFT7FUBMH6H6XYWMIRAGJ0"',
103 silly get     age: '50',
103 silly get     connection: 'keep-alive',
103 silly get     'x-served-by': 'cache-jfk1028-JFK',
103 silly get     'x-cache': 'HIT',
103 silly get     'x-cache-hits': '1',
103 silly get     'x-timer': 'S1447521148.634596,VS0,VE0',
103 silly get     vary: 'Accept' } ]
104 verbose etag https://registry.npmjs.org/utf-8-validate from cache
105 verbose get saving utf-8-validate to C:\Users\Brandon\AppData\Roaming\npm-cache\registry.npmjs.org\utf-8-validate\.cache.json
106 silly resolveWithNewModule utf-8-validate@1.2.1 checking installable status
107 silly cache add args [ 'utf-8-validate@1.2.x', null ]
108 verbose cache add spec utf-8-validate@1.2.x
109 silly cache add parsed spec Result {
109 silly cache add   raw: 'utf-8-validate@1.2.x',
109 silly cache add   scope: null,
109 silly cache add   name: 'utf-8-validate',
109 silly cache add   rawSpec: '1.2.x',
109 silly cache add   spec: '>=1.2.0 <1.3.0',
109 silly cache add   type: 'range' }
110 silly addNamed utf-8-validate@>=1.2.0 <1.3.0
111 verbose addNamed ">=1.2.0 <1.3.0" is a valid semver range for utf-8-validate
112 silly addNameRange { name: 'utf-8-validate',
112 silly addNameRange   range: '>=1.2.0 <1.3.0',
112 silly addNameRange   hasData: false }
113 silly mapToRegistry name utf-8-validate
114 silly mapToRegistry using default registry
115 silly mapToRegistry registry https://registry.npmjs.org/
116 silly mapToRegistry uri https://registry.npmjs.org/utf-8-validate
117 verbose addNameRange registry:https://registry.npmjs.org/utf-8-validate not in flight; fetching
118 verbose get https://registry.npmjs.org/utf-8-validate not expired, no request
119 silly addNameRange number 2 { name: 'utf-8-validate',
119 silly addNameRange   range: '>=1.2.0 <1.3.0',
119 silly addNameRange   hasData: true }
120 silly addNameRange versions [ 'utf-8-validate',
120 silly addNameRange   [ '1.0.0', '1.0.1', '1.1.0', '1.2.0', '1.2.1' ] ]
121 silly addNamed utf-8-validate@1.2.1
122 verbose addNamed "1.2.1" is a plain semver version for utf-8-validate
123 silly cache afterAdd utf-8-validate@1.2.1
124 verbose afterAdd C:\Users\Brandon\AppData\Roaming\npm-cache\utf-8-validate\1.2.1\package\package.json not in flight; writing
125 verbose afterAdd C:\Users\Brandon\AppData\Roaming\npm-cache\utf-8-validate\1.2.1\package\package.json written
126 silly fetchNamedPackageData bindings
127 silly mapToRegistry name bindings
128 silly mapToRegistry using default registry
129 silly mapToRegistry registry https://registry.npmjs.org/
130 silly mapToRegistry uri https://registry.npmjs.org/bindings
131 silly fetchNamedPackageData nan
132 silly mapToRegistry name nan
133 silly mapToRegistry using default registry
134 silly mapToRegistry registry https://registry.npmjs.org/
135 silly mapToRegistry uri https://registry.npmjs.org/nan
136 verbose request uri https://registry.npmjs.org/bindings
137 verbose request no auth needed
138 info attempt registry request try #1 at 12:12:39 PM
139 verbose etag "9T1GC8LK3NF0OJU9OPHCFIKS3"
140 http request GET https://registry.npmjs.org/bindings
141 verbose request uri https://registry.npmjs.org/nan
142 verbose request no auth needed
143 info attempt registry request try #1 at 12:12:39 PM
144 verbose etag "5E01JR4VXRYFNTLPNNJ0N9QD8"
145 http request GET https://registry.npmjs.org/nan
146 http 304 https://registry.npmjs.org/bindings
147 verbose headers { date: 'Sat, 14 Nov 2015 17:12:28 GMT',
147 verbose headers   via: '1.1 varnish',
147 verbose headers   'cache-control': 'max-age=60',
147 verbose headers   etag: '"9T1GC8LK3NF0OJU9OPHCFIKS3"',
147 verbose headers   age: '50',
147 verbose headers   connection: 'keep-alive',
147 verbose headers   'x-served-by': 'cache-jfk1021-JFK',
147 verbose headers   'x-cache': 'HIT',
147 verbose headers   'x-cache-hits': '1',
147 verbose headers   'x-timer': 'S1447521148.748702,VS0,VE0',
147 verbose headers   vary: 'Accept' }
148 silly get cb [ 304,
148 silly get   { date: 'Sat, 14 Nov 2015 17:12:28 GMT',
148 silly get     via: '1.1 varnish',
148 silly get     'cache-control': 'max-age=60',
148 silly get     etag: '"9T1GC8LK3NF0OJU9OPHCFIKS3"',
148 silly get     age: '50',
148 silly get     connection: 'keep-alive',
148 silly get     'x-served-by': 'cache-jfk1021-JFK',
148 silly get     'x-cache': 'HIT',
148 silly get     'x-cache-hits': '1',
148 silly get     'x-timer': 'S1447521148.748702,VS0,VE0',
148 silly get     vary: 'Accept' } ]
149 verbose etag https://registry.npmjs.org/bindings from cache
150 verbose get saving bindings to C:\Users\Brandon\AppData\Roaming\npm-cache\registry.npmjs.org\bindings\.cache.json
151 silly resolveWithNewModule bindings@1.2.1 checking installable status
152 silly cache add args [ 'bindings@1.2.x', null ]
153 verbose cache add spec bindings@1.2.x
154 silly cache add parsed spec Result {
154 silly cache add   raw: 'bindings@1.2.x',
154 silly cache add   scope: null,
154 silly cache add   name: 'bindings',
154 silly cache add   rawSpec: '1.2.x',
154 silly cache add   spec: '>=1.2.0 <1.3.0',
154 silly cache add   type: 'range' }
155 silly addNamed bindings@>=1.2.0 <1.3.0
156 verbose addNamed ">=1.2.0 <1.3.0" is a valid semver range for bindings
157 silly addNameRange { name: 'bindings', range: '>=1.2.0 <1.3.0', hasData: false }
158 silly mapToRegistry name bindings
159 silly mapToRegistry using default registry
160 silly mapToRegistry registry https://registry.npmjs.org/
161 silly mapToRegistry uri https://registry.npmjs.org/bindings
162 verbose addNameRange registry:https://registry.npmjs.org/bindings not in flight; fetching
163 verbose get https://registry.npmjs.org/bindings not expired, no request
164 silly addNameRange number 2 { name: 'bindings', range: '>=1.2.0 <1.3.0', hasData: true }
165 silly addNameRange versions [ 'bindings',
165 silly addNameRange   [ '0.0.1',
165 silly addNameRange     '0.1.0',
165 silly addNameRange     '0.1.1',
165 silly addNameRange     '0.2.0',
165 silly addNameRange     '0.2.1',
165 silly addNameRange     '0.2.2',
165 silly addNameRange     '0.2.3',
165 silly addNameRange     '0.2.4',
165 silly addNameRange     '0.3.0',
165 silly addNameRange     '0.4.0',
165 silly addNameRange     '1.0.0',
165 silly addNameRange     '1.1.0',
165 silly addNameRange     '1.1.1',
165 silly addNameRange     '1.2.0',
165 silly addNameRange     '1.2.1' ] ]
166 silly addNamed bindings@1.2.1
167 verbose addNamed "1.2.1" is a plain semver version for bindings
168 silly cache afterAdd bindings@1.2.1
169 verbose afterAdd C:\Users\Brandon\AppData\Roaming\npm-cache\bindings\1.2.1\package\package.json not in flight; writing
170 verbose afterAdd C:\Users\Brandon\AppData\Roaming\npm-cache\bindings\1.2.1\package\package.json written
171 http 304 https://registry.npmjs.org/nan
172 verbose headers { date: 'Sat, 14 Nov 2015 17:12:28 GMT',
172 verbose headers   via: '1.1 varnish',
172 verbose headers   'cache-control': 'max-age=60',
172 verbose headers   etag: '"5E01JR4VXRYFNTLPNNJ0N9QD8"',
172 verbose headers   age: '52',
172 verbose headers   connection: 'keep-alive',
172 verbose headers   'x-served-by': 'cache-jfk1021-JFK',
172 verbose headers   'x-cache': 'HIT',
172 verbose headers   'x-cache-hits': '1',
172 verbose headers   'x-timer': 'S1447521148.834726,VS0,VE1',
172 verbose headers   vary: 'Accept' }
173 silly get cb [ 304,
173 silly get   { date: 'Sat, 14 Nov 2015 17:12:28 GMT',
173 silly get     via: '1.1 varnish',
173 silly get     'cache-control': 'max-age=60',
173 silly get     etag: '"5E01JR4VXRYFNTLPNNJ0N9QD8"',
173 silly get     age: '52',
173 silly get     connection: 'keep-alive',
173 silly get     'x-served-by': 'cache-jfk1021-JFK',
173 silly get     'x-cache': 'HIT',
173 silly get     'x-cache-hits': '1',
173 silly get     'x-timer': 'S1447521148.834726,VS0,VE1',
173 silly get     vary: 'Accept' } ]
174 verbose etag https://registry.npmjs.org/nan from cache
175 verbose get saving nan to C:\Users\Brandon\AppData\Roaming\npm-cache\registry.npmjs.org\nan\.cache.json
176 silly resolveWithNewModule nan@2.1.0 checking installable status
177 silly cache add args [ 'nan@^2.0.5', null ]
178 verbose cache add spec nan@^2.0.5
179 silly cache add parsed spec Result {
179 silly cache add   raw: 'nan@^2.0.5',
179 silly cache add   scope: null,
179 silly cache add   name: 'nan',
179 silly cache add   rawSpec: '^2.0.5',
179 silly cache add   spec: '>=2.0.5 <3.0.0',
179 silly cache add   type: 'range' }
180 silly addNamed nan@>=2.0.5 <3.0.0
181 verbose addNamed ">=2.0.5 <3.0.0" is a valid semver range for nan
182 silly addNameRange { name: 'nan', range: '>=2.0.5 <3.0.0', hasData: false }
183 silly mapToRegistry name nan
184 silly mapToRegistry using default registry
185 silly mapToRegistry registry https://registry.npmjs.org/
186 silly mapToRegistry uri https://registry.npmjs.org/nan
187 verbose addNameRange registry:https://registry.npmjs.org/nan not in flight; fetching
188 verbose get https://registry.npmjs.org/nan not expired, no request
189 silly addNameRange number 2 { name: 'nan', range: '>=2.0.5 <3.0.0', hasData: true }
190 silly addNameRange versions [ 'nan',
190 silly addNameRange   [ '0.3.0-wip',
190 silly addNameRange     '0.3.0-wip2',
190 silly addNameRange     '0.3.0',
190 silly addNameRange     '0.3.1',
190 silly addNameRange     '0.3.2',
190 silly addNameRange     '0.4.0',
190 silly addNameRange     '0.4.1',
190 silly addNameRange     '0.4.2',
190 silly addNameRange     '0.4.3',
190 silly addNameRange     '0.4.4',
190 silly addNameRange     '0.5.0',
190 silly addNameRange     '0.5.1',
190 silly addNameRange     '0.5.2',
190 silly addNameRange     '0.6.0',
190 silly addNameRange     '0.7.0',
190 silly addNameRange     '0.7.1',
190 silly addNameRange     '0.8.0',
190 silly addNameRange     '1.0.0',
190 silly addNameRange     '1.1.0',
190 silly addNameRange     '1.1.1',
190 silly addNameRange     '1.1.2',
190 silly addNameRange     '1.2.0',
190 silly addNameRange     '1.3.0',
190 silly addNameRange     '1.4.0',
190 silly addNameRange     '1.4.1',
190 silly addNameRange     '1.5.0',
190 silly addNameRange     '1.4.2',
190 silly addNameRange     '1.4.3',
190 silly addNameRange     '1.5.1',
190 silly addNameRange     '1.5.2',
190 silly addNameRange     '1.6.0',
190 silly addNameRange     '1.5.3',
190 silly addNameRange     '1.6.1',
190 silly addNameRange     '1.6.2',
190 silly addNameRange     '1.7.0',
190 silly addNameRange     '1.8.0',
190 silly addNameRange     '1.8.1',
190 silly addNameRange     '1.8.2',
190 silly addNameRange     '1.8.3',
190 silly addNameRange     '1.8.4',
190 silly addNameRange     '1.9.0',
190 silly addNameRange     '2.0.0',
190 silly addNameRange     '2.0.1',
190 silly addNameRange     '2.0.2',
190 silly addNameRange     '2.0.3',
190 silly addNameRange     '2.0.4',
190 silly addNameRange     '2.0.5',
190 silly addNameRange     '2.0.6',
190 silly addNameRange     '2.0.7',
190 silly addNameRange     '2.0.8',
190 silly addNameRange     '2.0.9',
190 silly addNameRange     '2.1.0' ] ]
191 silly addNamed nan@2.1.0
192 verbose addNamed "2.1.0" is a plain semver version for nan
193 silly cache afterAdd nan@2.1.0
194 verbose afterAdd C:\Users\Brandon\AppData\Roaming\npm-cache\nan\2.1.0\package\package.json not in flight; writing
195 verbose afterAdd C:\Users\Brandon\AppData\Roaming\npm-cache\nan\2.1.0\package\package.json written
196 silly loadAllDepsIntoIdealTree Finishing
197 silly idealTree:prePrune C:\Users\Brandon\desktop\HackHahvahd\Backend
197 silly idealTree:prePrune ├── bindings@1.2.1
197 silly idealTree:prePrune ├── bufferutil@1.2.1
197 silly idealTree:prePrune ├─┬ express@4.13.3
197 silly idealTree:prePrune │ ├─┬ accepts@1.2.13
197 silly idealTree:prePrune │ │ ├─┬ mime-types@2.1.7
197 silly idealTree:prePrune │ │ │ └── mime-db@1.19.0
197 silly idealTree:prePrune │ │ └── negotiator@0.5.3
197 silly idealTree:prePrune │ ├── array-flatten@1.1.1
197 silly idealTree:prePrune │ ├── content-disposition@0.5.0
197 silly idealTree:prePrune │ ├── content-type@1.0.1
197 silly idealTree:prePrune │ ├── cookie-signature@1.0.6
197 silly idealTree:prePrune │ ├── cookie@0.1.3
197 silly idealTree:prePrune │ ├─┬ debug@2.2.0
197 silly idealTree:prePrune │ │ └── ms@0.7.1
197 silly idealTree:prePrune │ ├── depd@1.0.1
197 silly idealTree:prePrune │ ├── escape-html@1.0.2
197 silly idealTree:prePrune │ ├── etag@1.7.0
197 silly idealTree:prePrune │ ├─┬ finalhandler@0.4.0
197 silly idealTree:prePrune │ │ └── unpipe@1.0.0
197 silly idealTree:prePrune │ ├── fresh@0.3.0
197 silly idealTree:prePrune │ ├── merge-descriptors@1.0.0
197 silly idealTree:prePrune │ ├── methods@1.1.1
197 silly idealTree:prePrune │ ├─┬ on-finished@2.3.0
197 silly idealTree:prePrune │ │ └── ee-first@1.1.1
197 silly idealTree:prePrune │ ├── parseurl@1.3.0
197 silly idealTree:prePrune │ ├── path-to-regexp@0.1.7
197 silly idealTree:prePrune │ ├─┬ proxy-addr@1.0.8
197 silly idealTree:prePrune │ │ ├── forwarded@0.1.0
197 silly idealTree:prePrune │ │ └── ipaddr.js@1.0.1
197 silly idealTree:prePrune │ ├── qs@4.0.0
197 silly idealTree:prePrune │ ├── range-parser@1.0.3
197 silly idealTree:prePrune │ ├─┬ send@0.13.0
197 silly idealTree:prePrune │ │ ├── destroy@1.0.3
197 silly idealTree:prePrune │ │ ├─┬ http-errors@1.3.1
197 silly idealTree:prePrune │ │ │ └── inherits@2.0.1
197 silly idealTree:prePrune │ │ ├── mime@1.3.4
197 silly idealTree:prePrune │ │ ├── ms@0.7.1
197 silly idealTree:prePrune │ │ └── statuses@1.2.1
197 silly idealTree:prePrune │ ├── serve-static@1.10.0
197 silly idealTree:prePrune │ ├─┬ type-is@1.6.9
197 silly idealTree:prePrune │ │ ├── media-typer@0.3.0
197 silly idealTree:prePrune │ │ └─┬ mime-types@2.1.7
197 silly idealTree:prePrune │ │   └── mime-db@1.19.0
197 silly idealTree:prePrune │ ├── utils-merge@1.0.0
197 silly idealTree:prePrune │ └── vary@1.0.1
197 silly idealTree:prePrune ├── msnodesql@0.2.1
197 silly idealTree:prePrune ├── nan@2.1.0
197 silly idealTree:prePrune ├─┬ socket.io@1.3.7
197 silly idealTree:prePrune │ ├─┬ debug@2.1.0
197 silly idealTree:prePrune │ │ └── ms@0.6.2
197 silly idealTree:prePrune │ ├─┬ engine.io@1.5.4
197 silly idealTree:prePrune │ │ ├── base64id@0.1.0
197 silly idealTree:prePrune │ │ ├─┬ debug@1.0.3
197 silly idealTree:prePrune │ │ │ └── ms@0.6.2
197 silly idealTree:prePrune │ │ ├─┬ engine.io-parser@1.2.2
197 silly idealTree:prePrune │ │ │ ├── after@0.8.1
197 silly idealTree:prePrune │ │ │ ├── arraybuffer.slice@0.0.6
197 silly idealTree:prePrune │ │ │ ├── base64-arraybuffer@0.1.2
197 silly idealTree:prePrune │ │ │ ├── blob@0.0.4
197 silly idealTree:prePrune │ │ │ ├─┬ has-binary@0.1.6
197 silly idealTree:prePrune │ │ │ │ └── isarray@0.0.1
197 silly idealTree:prePrune │ │ │ └── utf8@2.1.0
197 silly idealTree:prePrune │ │ └─┬ ws@0.8.0
197 silly idealTree:prePrune │ │   ├── options@0.0.6
197 silly idealTree:prePrune │ │   └── ultron@1.0.2
197 silly idealTree:prePrune │ ├─┬ has-binary-data@0.1.3
197 silly idealTree:prePrune │ │ └── isarray@0.0.1
197 silly idealTree:prePrune │ ├─┬ socket.io-adapter@0.3.1
197 silly idealTree:prePrune │ │ ├─┬ debug@1.0.2
197 silly idealTree:prePrune │ │ │ └── ms@0.6.2
197 silly idealTree:prePrune │ │ ├── object-keys@1.0.1
197 silly idealTree:prePrune │ │ └─┬ socket.io-parser@2.2.2
197 silly idealTree:prePrune │ │   ├── benchmark@1.0.0
197 silly idealTree:prePrune │ │   ├── component-emitter@1.1.2
197 silly idealTree:prePrune │ │   ├── debug@0.7.4
197 silly idealTree:prePrune │ │   ├── isarray@0.0.1
197 silly idealTree:prePrune │ │   └── json3@3.2.6
197 silly idealTree:prePrune │ ├─┬ socket.io-client@1.3.7
197 silly idealTree:prePrune │ │ ├── backo2@1.0.2
197 silly idealTree:prePrune │ │ ├── component-bind@1.0.0
197 silly idealTree:prePrune │ │ ├── component-emitter@1.1.2
197 silly idealTree:prePrune │ │ ├── debug@0.7.4
197 silly idealTree:prePrune │ │ ├─┬ engine.io-client@1.5.4
197 silly idealTree:prePrune │ │ │ ├── component-inherit@0.0.3
197 silly idealTree:prePrune │ │ │ ├─┬ debug@1.0.4
197 silly idealTree:prePrune │ │ │ │ └── ms@0.6.2
197 silly idealTree:prePrune │ │ │ ├─┬ engine.io-parser@1.2.2
197 silly idealTree:prePrune │ │ │ │ ├── after@0.8.1
197 silly idealTree:prePrune │ │ │ │ ├── arraybuffer.slice@0.0.6
197 silly idealTree:prePrune │ │ │ │ ├── base64-arraybuffer@0.1.2
197 silly idealTree:prePrune │ │ │ │ ├── blob@0.0.4
197 silly idealTree:prePrune │ │ │ │ └── utf8@2.1.0
197 silly idealTree:prePrune │ │ │ ├─┬ has-cors@1.0.3
197 silly idealTree:prePrune │ │ │ │ └── global@2.0.1
197 silly idealTree:prePrune │ │ │ ├─┬ parsejson@0.0.1
197 silly idealTree:prePrune │ │ │ │ └─┬ better-assert@1.0.2
197 silly idealTree:prePrune │ │ │ │   └── callsite@1.0.0
197 silly idealTree:prePrune │ │ │ ├─┬ parseqs@0.0.2
197 silly idealTree:prePrune │ │ │ │ └─┬ better-assert@1.0.2
197 silly idealTree:prePrune │ │ │ │   └── callsite@1.0.0
197 silly idealTree:prePrune │ │ │ ├─┬ parseuri@0.0.4
197 silly idealTree:prePrune │ │ │ │ └─┬ better-assert@1.0.2
197 silly idealTree:prePrune │ │ │ │   └── callsite@1.0.0
197 silly idealTree:prePrune │ │ │ ├─┬ ws@0.8.0
197 silly idealTree:prePrune │ │ │ │ ├── options@0.0.6
197 silly idealTree:prePrune │ │ │ │ └── ultron@1.0.2
197 silly idealTree:prePrune │ │ │ └── xmlhttprequest@1.5.0
197 silly idealTree:prePrune │ │ ├─┬ has-binary@0.1.6
197 silly idealTree:prePrune │ │ │ └── isarray@0.0.1
197 silly idealTree:prePrune │ │ ├── indexof@0.0.1
197 silly idealTree:prePrune │ │ ├── object-component@0.0.3
197 silly idealTree:prePrune │ │ ├─┬ parseuri@0.0.2
197 silly idealTree:prePrune │ │ │ └─┬ better-assert@1.0.2
197 silly idealTree:prePrune │ │ │   └── callsite@1.0.0
197 silly idealTree:prePrune │ │ └── to-array@0.1.3
197 silly idealTree:prePrune │ └─┬ socket.io-parser@2.2.4
197 silly idealTree:prePrune │   ├── benchmark@1.0.0
197 silly idealTree:prePrune │   ├── component-emitter@1.1.2
197 silly idealTree:prePrune │   ├── debug@0.7.4
197 silly idealTree:prePrune │   ├── isarray@0.0.1
197 silly idealTree:prePrune │   └── json3@3.2.6
197 silly idealTree:prePrune └── utf-8-validate@1.2.1
198 silly loadIdealTree Finishing
199 silly currentTree C:\Users\Brandon\desktop\HackHahvahd\Backend
199 silly currentTree ├─┬ express@4.13.3
199 silly currentTree │ ├─┬ accepts@1.2.13
199 silly currentTree │ │ ├─┬ mime-types@2.1.7
199 silly currentTree │ │ │ └── mime-db@1.19.0
199 silly currentTree │ │ └── negotiator@0.5.3
199 silly currentTree │ ├── array-flatten@1.1.1
199 silly currentTree │ ├── content-disposition@0.5.0
199 silly currentTree │ ├── content-type@1.0.1
199 silly currentTree │ ├── cookie-signature@1.0.6
199 silly currentTree │ ├── cookie@0.1.3
199 silly currentTree │ ├─┬ debug@2.2.0
199 silly currentTree │ │ └── ms@0.7.1
199 silly currentTree │ ├── depd@1.0.1
199 silly currentTree │ ├── escape-html@1.0.2
199 silly currentTree │ ├── etag@1.7.0
199 silly currentTree │ ├─┬ finalhandler@0.4.0
199 silly currentTree │ │ └── unpipe@1.0.0
199 silly currentTree │ ├── fresh@0.3.0
199 silly currentTree │ ├── merge-descriptors@1.0.0
199 silly currentTree │ ├── methods@1.1.1
199 silly currentTree │ ├─┬ on-finished@2.3.0
199 silly currentTree │ │ └── ee-first@1.1.1
199 silly currentTree │ ├── parseurl@1.3.0
199 silly currentTree │ ├── path-to-regexp@0.1.7
199 silly currentTree │ ├─┬ proxy-addr@1.0.8
199 silly currentTree │ │ ├── forwarded@0.1.0
199 silly currentTree │ │ └── ipaddr.js@1.0.1
199 silly currentTree │ ├── qs@4.0.0
199 silly currentTree │ ├── range-parser@1.0.3
199 silly currentTree │ ├─┬ send@0.13.0
199 silly currentTree │ │ ├── destroy@1.0.3
199 silly currentTree │ │ ├─┬ http-errors@1.3.1
199 silly currentTree │ │ │ └── inherits@2.0.1
199 silly currentTree │ │ ├── mime@1.3.4
199 silly currentTree │ │ ├── ms@0.7.1
199 silly currentTree │ │ └── statuses@1.2.1
199 silly currentTree │ ├── serve-static@1.10.0
199 silly currentTree │ ├─┬ type-is@1.6.9
199 silly currentTree │ │ ├── media-typer@0.3.0
199 silly currentTree │ │ └─┬ mime-types@2.1.7
199 silly currentTree │ │   └── mime-db@1.19.0
199 silly currentTree │ ├── utils-merge@1.0.0
199 silly currentTree │ └── vary@1.0.1
199 silly currentTree └─┬ socket.io@1.3.7
199 silly currentTree   ├─┬ debug@2.1.0
199 silly currentTree   │ └── ms@0.6.2
199 silly currentTree   ├─┬ engine.io@1.5.4
199 silly currentTree   │ ├── base64id@0.1.0
199 silly currentTree   │ ├─┬ debug@1.0.3
199 silly currentTree   │ │ └── ms@0.6.2
199 silly currentTree   │ ├─┬ engine.io-parser@1.2.2
199 silly currentTree   │ │ ├── after@0.8.1
199 silly currentTree   │ │ ├── arraybuffer.slice@0.0.6
199 silly currentTree   │ │ ├── base64-arraybuffer@0.1.2
199 silly currentTree   │ │ ├── blob@0.0.4
199 silly currentTree   │ │ ├─┬ has-binary@0.1.6
199 silly currentTree   │ │ │ └── isarray@0.0.1
199 silly currentTree   │ │ └── utf8@2.1.0
199 silly currentTree   │ └─┬ ws@0.8.0
199 silly currentTree   │   ├── options@0.0.6
199 silly currentTree   │   └── ultron@1.0.2
199 silly currentTree   ├─┬ has-binary-data@0.1.3
199 silly currentTree   │ └── isarray@0.0.1
199 silly currentTree   ├─┬ socket.io-adapter@0.3.1
199 silly currentTree   │ ├─┬ debug@1.0.2
199 silly currentTree   │ │ └── ms@0.6.2
199 silly currentTree   │ ├── object-keys@1.0.1
199 silly currentTree   │ └─┬ socket.io-parser@2.2.2
199 silly currentTree   │   ├── benchmark@1.0.0
199 silly currentTree   │   ├── component-emitter@1.1.2
199 silly currentTree   │   ├── debug@0.7.4
199 silly currentTree   │   ├── isarray@0.0.1
199 silly currentTree   │   └── json3@3.2.6
199 silly currentTree   ├─┬ socket.io-client@1.3.7
199 silly currentTree   │ ├── backo2@1.0.2
199 silly currentTree   │ ├── component-bind@1.0.0
199 silly currentTree   │ ├── component-emitter@1.1.2
199 silly currentTree   │ ├── debug@0.7.4
199 silly currentTree   │ ├─┬ engine.io-client@1.5.4
199 silly currentTree   │ │ ├── component-inherit@0.0.3
199 silly currentTree   │ │ ├─┬ debug@1.0.4
199 silly currentTree   │ │ │ └── ms@0.6.2
199 silly currentTree   │ │ ├─┬ engine.io-parser@1.2.2
199 silly currentTree   │ │ │ ├── after@0.8.1
199 silly currentTree   │ │ │ ├── arraybuffer.slice@0.0.6
199 silly currentTree   │ │ │ ├── base64-arraybuffer@0.1.2
199 silly currentTree   │ │ │ ├── blob@0.0.4
199 silly currentTree   │ │ │ └── utf8@2.1.0
199 silly currentTree   │ │ ├─┬ has-cors@1.0.3
199 silly currentTree   │ │ │ └── global@2.0.1
199 silly currentTree   │ │ ├─┬ parsejson@0.0.1
199 silly currentTree   │ │ │ └─┬ better-assert@1.0.2
199 silly currentTree   │ │ │   └── callsite@1.0.0
199 silly currentTree   │ │ ├─┬ parseqs@0.0.2
199 silly currentTree   │ │ │ └─┬ better-assert@1.0.2
199 silly currentTree   │ │ │   └── callsite@1.0.0
199 silly currentTree   │ │ ├─┬ parseuri@0.0.4
199 silly currentTree   │ │ │ └─┬ better-assert@1.0.2
199 silly currentTree   │ │ │   └── callsite@1.0.0
199 silly currentTree   │ │ ├─┬ ws@0.8.0
199 silly currentTree   │ │ │ ├── options@0.0.6
199 silly currentTree   │ │ │ └── ultron@1.0.2
199 silly currentTree   │ │ └── xmlhttprequest@1.5.0
199 silly currentTree   │ ├─┬ has-binary@0.1.6
199 silly currentTree   │ │ └── isarray@0.0.1
199 silly currentTree   │ ├── indexof@0.0.1
199 silly currentTree   │ ├── object-component@0.0.3
199 silly currentTree   │ ├─┬ parseuri@0.0.2
199 silly currentTree   │ │ └─┬ better-assert@1.0.2
199 silly currentTree   │ │   └── callsite@1.0.0
199 silly currentTree   │ └── to-array@0.1.3
199 silly currentTree   └─┬ socket.io-parser@2.2.4
199 silly currentTree     ├── benchmark@1.0.0
199 silly currentTree     ├── component-emitter@1.1.2
199 silly currentTree     ├── debug@0.7.4
199 silly currentTree     ├── isarray@0.0.1
199 silly currentTree     └── json3@3.2.6
200 silly idealTree C:\Users\Brandon\desktop\HackHahvahd\Backend
200 silly idealTree ├── bindings@1.2.1
200 silly idealTree ├── bufferutil@1.2.1
200 silly idealTree ├─┬ express@4.13.3
200 silly idealTree │ ├─┬ accepts@1.2.13
200 silly idealTree │ │ ├─┬ mime-types@2.1.7
200 silly idealTree │ │ │ └── mime-db@1.19.0
200 silly idealTree │ │ └── negotiator@0.5.3
200 silly idealTree │ ├── array-flatten@1.1.1
200 silly idealTree │ ├── content-disposition@0.5.0
200 silly idealTree │ ├── content-type@1.0.1
200 silly idealTree │ ├── cookie-signature@1.0.6
200 silly idealTree │ ├── cookie@0.1.3
200 silly idealTree │ ├─┬ debug@2.2.0
200 silly idealTree │ │ └── ms@0.7.1
200 silly idealTree │ ├── depd@1.0.1
200 silly idealTree │ ├── escape-html@1.0.2
200 silly idealTree │ ├── etag@1.7.0
200 silly idealTree │ ├─┬ finalhandler@0.4.0
200 silly idealTree │ │ └── unpipe@1.0.0
200 silly idealTree │ ├── fresh@0.3.0
200 silly idealTree │ ├── merge-descriptors@1.0.0
200 silly idealTree │ ├── methods@1.1.1
200 silly idealTree │ ├─┬ on-finished@2.3.0
200 silly idealTree │ │ └── ee-first@1.1.1
200 silly idealTree │ ├── parseurl@1.3.0
200 silly idealTree │ ├── path-to-regexp@0.1.7
200 silly idealTree │ ├─┬ proxy-addr@1.0.8
200 silly idealTree │ │ ├── forwarded@0.1.0
200 silly idealTree │ │ └── ipaddr.js@1.0.1
200 silly idealTree │ ├── qs@4.0.0
200 silly idealTree │ ├── range-parser@1.0.3
200 silly idealTree │ ├─┬ send@0.13.0
200 silly idealTree │ │ ├── destroy@1.0.3
200 silly idealTree │ │ ├─┬ http-errors@1.3.1
200 silly idealTree │ │ │ └── inherits@2.0.1
200 silly idealTree │ │ ├── mime@1.3.4
200 silly idealTree │ │ ├── ms@0.7.1
200 silly idealTree │ │ └── statuses@1.2.1
200 silly idealTree │ ├── serve-static@1.10.0
200 silly idealTree │ ├─┬ type-is@1.6.9
200 silly idealTree │ │ ├── media-typer@0.3.0
200 silly idealTree │ │ └─┬ mime-types@2.1.7
200 silly idealTree │ │   └── mime-db@1.19.0
200 silly idealTree │ ├── utils-merge@1.0.0
200 silly idealTree │ └── vary@1.0.1
200 silly idealTree ├── msnodesql@0.2.1
200 silly idealTree ├── nan@2.1.0
200 silly idealTree ├─┬ socket.io@1.3.7
200 silly idealTree │ ├─┬ debug@2.1.0
200 silly idealTree │ │ └── ms@0.6.2
200 silly idealTree │ ├─┬ engine.io@1.5.4
200 silly idealTree │ │ ├── base64id@0.1.0
200 silly idealTree │ │ ├─┬ debug@1.0.3
200 silly idealTree │ │ │ └── ms@0.6.2
200 silly idealTree │ │ ├─┬ engine.io-parser@1.2.2
200 silly idealTree │ │ │ ├── after@0.8.1
200 silly idealTree │ │ │ ├── arraybuffer.slice@0.0.6
200 silly idealTree │ │ │ ├── base64-arraybuffer@0.1.2
200 silly idealTree │ │ │ ├── blob@0.0.4
200 silly idealTree │ │ │ ├─┬ has-binary@0.1.6
200 silly idealTree │ │ │ │ └── isarray@0.0.1
200 silly idealTree │ │ │ └── utf8@2.1.0
200 silly idealTree │ │ └─┬ ws@0.8.0
200 silly idealTree │ │   ├── options@0.0.6
200 silly idealTree │ │   └── ultron@1.0.2
200 silly idealTree │ ├─┬ has-binary-data@0.1.3
200 silly idealTree │ │ └── isarray@0.0.1
200 silly idealTree │ ├─┬ socket.io-adapter@0.3.1
200 silly idealTree │ │ ├─┬ debug@1.0.2
200 silly idealTree │ │ │ └── ms@0.6.2
200 silly idealTree │ │ ├── object-keys@1.0.1
200 silly idealTree │ │ └─┬ socket.io-parser@2.2.2
200 silly idealTree │ │   ├── benchmark@1.0.0
200 silly idealTree │ │   ├── component-emitter@1.1.2
200 silly idealTree │ │   ├── debug@0.7.4
200 silly idealTree │ │   ├── isarray@0.0.1
200 silly idealTree │ │   └── json3@3.2.6
200 silly idealTree │ ├─┬ socket.io-client@1.3.7
200 silly idealTree │ │ ├── backo2@1.0.2
200 silly idealTree │ │ ├── component-bind@1.0.0
200 silly idealTree │ │ ├── component-emitter@1.1.2
200 silly idealTree │ │ ├── debug@0.7.4
200 silly idealTree │ │ ├─┬ engine.io-client@1.5.4
200 silly idealTree │ │ │ ├── component-inherit@0.0.3
200 silly idealTree │ │ │ ├─┬ debug@1.0.4
200 silly idealTree │ │ │ │ └── ms@0.6.2
200 silly idealTree │ │ │ ├─┬ engine.io-parser@1.2.2
200 silly idealTree │ │ │ │ ├── after@0.8.1
200 silly idealTree │ │ │ │ ├── arraybuffer.slice@0.0.6
200 silly idealTree │ │ │ │ ├── base64-arraybuffer@0.1.2
200 silly idealTree │ │ │ │ ├── blob@0.0.4
200 silly idealTree │ │ │ │ └── utf8@2.1.0
200 silly idealTree │ │ │ ├─┬ has-cors@1.0.3
200 silly idealTree │ │ │ │ └── global@2.0.1
200 silly idealTree │ │ │ ├─┬ parsejson@0.0.1
200 silly idealTree │ │ │ │ └─┬ better-assert@1.0.2
200 silly idealTree │ │ │ │   └── callsite@1.0.0
200 silly idealTree │ │ │ ├─┬ parseqs@0.0.2
200 silly idealTree │ │ │ │ └─┬ better-assert@1.0.2
200 silly idealTree │ │ │ │   └── callsite@1.0.0
200 silly idealTree │ │ │ ├─┬ parseuri@0.0.4
200 silly idealTree │ │ │ │ └─┬ better-assert@1.0.2
200 silly idealTree │ │ │ │   └── callsite@1.0.0
200 silly idealTree │ │ │ ├─┬ ws@0.8.0
200 silly idealTree │ │ │ │ ├── options@0.0.6
200 silly idealTree │ │ │ │ └── ultron@1.0.2
200 silly idealTree │ │ │ └── xmlhttprequest@1.5.0
200 silly idealTree │ │ ├─┬ has-binary@0.1.6
200 silly idealTree │ │ │ └── isarray@0.0.1
200 silly idealTree │ │ ├── indexof@0.0.1
200 silly idealTree │ │ ├── object-component@0.0.3
200 silly idealTree │ │ ├─┬ parseuri@0.0.2
200 silly idealTree │ │ │ └─┬ better-assert@1.0.2
200 silly idealTree │ │ │   └── callsite@1.0.0
200 silly idealTree │ │ └── to-array@0.1.3
200 silly idealTree │ └─┬ socket.io-parser@2.2.4
200 silly idealTree │   ├── benchmark@1.0.0
200 silly idealTree │   ├── component-emitter@1.1.2
200 silly idealTree │   ├── debug@0.7.4
200 silly idealTree │   ├── isarray@0.0.1
200 silly idealTree │   └── json3@3.2.6
200 silly idealTree └── utf-8-validate@1.2.1
201 silly generateActionsToTake Starting
202 silly install generateActionsToTake
203 silly generateActionsToTake Finishing
204 silly diffTrees action count 5
205 silly diffTrees add bindings@1.2.1
206 silly diffTrees add nan@2.1.0
207 silly diffTrees add bufferutil@1.2.1
208 silly diffTrees add utf-8-validate@1.2.1
209 silly diffTrees add msnodesql@0.2.1
210 silly decomposeActions action count 40
211 silly decomposeActions fetch bindings@1.2.1
212 silly decomposeActions extract bindings@1.2.1
213 silly decomposeActions preinstall bindings@1.2.1
214 silly decomposeActions build bindings@1.2.1
215 silly decomposeActions install bindings@1.2.1
216 silly decomposeActions postinstall bindings@1.2.1
217 silly decomposeActions test bindings@1.2.1
218 silly decomposeActions finalize bindings@1.2.1
219 silly decomposeActions fetch nan@2.1.0
220 silly decomposeActions extract nan@2.1.0
221 silly decomposeActions preinstall nan@2.1.0
222 silly decomposeActions build nan@2.1.0
223 silly decomposeActions install nan@2.1.0
224 silly decomposeActions postinstall nan@2.1.0
225 silly decomposeActions test nan@2.1.0
226 silly decomposeActions finalize nan@2.1.0
227 silly decomposeActions fetch bufferutil@1.2.1
228 silly decomposeActions extract bufferutil@1.2.1
229 silly decomposeActions preinstall bufferutil@1.2.1
230 silly decomposeActions build bufferutil@1.2.1
231 silly decomposeActions install bufferutil@1.2.1
232 silly decomposeActions postinstall bufferutil@1.2.1
233 silly decomposeActions test bufferutil@1.2.1
234 silly decomposeActions finalize bufferutil@1.2.1
235 silly decomposeActions fetch utf-8-validate@1.2.1
236 silly decomposeActions extract utf-8-validate@1.2.1
237 silly decomposeActions preinstall utf-8-validate@1.2.1
238 silly decomposeActions build utf-8-validate@1.2.1
239 silly decomposeActions install utf-8-validate@1.2.1
240 silly decomposeActions postinstall utf-8-validate@1.2.1
241 silly decomposeActions test utf-8-validate@1.2.1
242 silly decomposeActions finalize utf-8-validate@1.2.1
243 silly decomposeActions fetch msnodesql@0.2.1
244 silly decomposeActions extract msnodesql@0.2.1
245 silly decomposeActions preinstall msnodesql@0.2.1
246 silly decomposeActions build msnodesql@0.2.1
247 silly decomposeActions install msnodesql@0.2.1
248 silly decomposeActions postinstall msnodesql@0.2.1
249 silly decomposeActions test msnodesql@0.2.1
250 silly decomposeActions finalize msnodesql@0.2.1
251 silly executeActions Starting
252 silly install executeActions
253 silly doSerial global-install 0
254 silly doParallel fetch 5
255 verbose lock using C:\Users\Brandon\AppData\Roaming\npm-cache\_locks\staging-7c0ebbbf4447b481.lock for C:\Users\Brandon\desktop\HackHahvahd\Backend\node_modules\.staging
256 silly doParallel extract 5
257 silly extract bindings
258 silly extract nan
259 silly extract bufferutil
260 silly extract utf-8-validate
261 silly extract msnodesql
262 verbose unbuild node_modules\.staging\bufferutil-f6dec6a4655398ab54e9e905dd60e2df
263 verbose unbuild node_modules\.staging\nan-b57ef1118f79a20e82e692ca1ff980ce
264 verbose unbuild node_modules\.staging\utf-8-validate-1359d156f90a87ace3549c1ce81dfed9
265 verbose unbuild node_modules\.staging\msnodesql-991754fa3c9780a9c1be961ed4dc19ff
266 verbose unbuild node_modules\.staging\bindings-00fdfdb516f91a57b7102ae0f751d436
267 silly gentlyRm C:\Users\Brandon\desktop\HackHahvahd\Backend\node_modules\.staging\bufferutil-f6dec6a4655398ab54e9e905dd60e2df is being purged from base C:\Users\Brandon\desktop\HackHahvahd\Backend
268 silly gentlyRm C:\Users\Brandon\desktop\HackHahvahd\Backend\node_modules\.staging\nan-b57ef1118f79a20e82e692ca1ff980ce is being purged from base C:\Users\Brandon\desktop\HackHahvahd\Backend
269 silly gentlyRm C:\Users\Brandon\desktop\HackHahvahd\Backend\node_modules\.staging\utf-8-validate-1359d156f90a87ace3549c1ce81dfed9 is being purged from base C:\Users\Brandon\desktop\HackHahvahd\Backend
270 silly gentlyRm C:\Users\Brandon\desktop\HackHahvahd\Backend\node_modules\.staging\msnodesql-991754fa3c9780a9c1be961ed4dc19ff is being purged from base C:\Users\Brandon\desktop\HackHahvahd\Backend
271 silly gentlyRm C:\Users\Brandon\desktop\HackHahvahd\Backend\node_modules\.staging\bindings-00fdfdb516f91a57b7102ae0f751d436 is being purged from base C:\Users\Brandon\desktop\HackHahvahd\Backend
272 verbose gentlyRm don't care about contents; nuking C:\Users\Brandon\desktop\HackHahvahd\Backend\node_modules\.staging\bufferutil-f6dec6a4655398ab54e9e905dd60e2df
273 verbose gentlyRm don't care about contents; nuking C:\Users\Brandon\desktop\HackHahvahd\Backend\node_modules\.staging\nan-b57ef1118f79a20e82e692ca1ff980ce
274 verbose gentlyRm don't care about contents; nuking C:\Users\Brandon\desktop\HackHahvahd\Backend\node_modules\.staging\utf-8-validate-1359d156f90a87ace3549c1ce81dfed9
275 verbose gentlyRm don't care about contents; nuking C:\Users\Brandon\desktop\HackHahvahd\Backend\node_modules\.staging\msnodesql-991754fa3c9780a9c1be961ed4dc19ff
276 verbose gentlyRm don't care about contents; nuking C:\Users\Brandon\desktop\HackHahvahd\Backend\node_modules\.staging\bindings-00fdfdb516f91a57b7102ae0f751d436
277 verbose tar unpack C:\Users\Brandon\AppData\Roaming\npm-cache\bufferutil\1.2.1\package.tgz
278 verbose tar unpacking to C:\Users\Brandon\desktop\HackHahvahd\Backend\node_modules\.staging\bufferutil-f6dec6a4655398ab54e9e905dd60e2df
279 silly gentlyRm C:\Users\Brandon\desktop\HackHahvahd\Backend\node_modules\.staging\bufferutil-f6dec6a4655398ab54e9e905dd60e2df is being purged
280 verbose tar unpack C:\Users\Brandon\AppData\Roaming\npm-cache\nan\2.1.0\package.tgz
281 verbose tar unpacking to C:\Users\Brandon\desktop\HackHahvahd\Backend\node_modules\.staging\nan-b57ef1118f79a20e82e692ca1ff980ce
282 silly gentlyRm C:\Users\Brandon\desktop\HackHahvahd\Backend\node_modules\.staging\nan-b57ef1118f79a20e82e692ca1ff980ce is being purged
283 verbose tar unpack C:\Users\Brandon\AppData\Roaming\npm-cache\utf-8-validate\1.2.1\package.tgz
284 verbose tar unpacking to C:\Users\Brandon\desktop\HackHahvahd\Backend\node_modules\.staging\utf-8-validate-1359d156f90a87ace3549c1ce81dfed9
285 silly gentlyRm C:\Users\Brandon\desktop\HackHahvahd\Backend\node_modules\.staging\utf-8-validate-1359d156f90a87ace3549c1ce81dfed9 is being purged
286 verbose tar unpack C:\Users\Brandon\AppData\Roaming\npm-cache\msnodesql\0.2.1\package.tgz
287 verbose tar unpacking to C:\Users\Brandon\desktop\HackHahvahd\Backend\node_modules\.staging\msnodesql-991754fa3c9780a9c1be961ed4dc19ff
288 silly gentlyRm C:\Users\Brandon\desktop\HackHahvahd\Backend\node_modules\.staging\msnodesql-991754fa3c9780a9c1be961ed4dc19ff is being purged
289 verbose tar unpack C:\Users\Brandon\AppData\Roaming\npm-cache\bindings\1.2.1\package.tgz
290 verbose tar unpacking to C:\Users\Brandon\desktop\HackHahvahd\Backend\node_modules\.staging\bindings-00fdfdb516f91a57b7102ae0f751d436
291 silly gentlyRm C:\Users\Brandon\desktop\HackHahvahd\Backend\node_modules\.staging\bindings-00fdfdb516f91a57b7102ae0f751d436 is being purged
292 verbose gentlyRm don't care about contents; nuking C:\Users\Brandon\desktop\HackHahvahd\Backend\node_modules\.staging\bufferutil-f6dec6a4655398ab54e9e905dd60e2df
293 verbose gentlyRm don't care about contents; nuking C:\Users\Brandon\desktop\HackHahvahd\Backend\node_modules\.staging\nan-b57ef1118f79a20e82e692ca1ff980ce
294 verbose gentlyRm don't care about contents; nuking C:\Users\Brandon\desktop\HackHahvahd\Backend\node_modules\.staging\utf-8-validate-1359d156f90a87ace3549c1ce81dfed9
295 verbose gentlyRm don't care about contents; nuking C:\Users\Brandon\desktop\HackHahvahd\Backend\node_modules\.staging\msnodesql-991754fa3c9780a9c1be961ed4dc19ff
296 verbose gentlyRm don't care about contents; nuking C:\Users\Brandon\desktop\HackHahvahd\Backend\node_modules\.staging\bindings-00fdfdb516f91a57b7102ae0f751d436
297 silly gunzTarPerm modes [ '777', '666' ]
298 silly gunzTarPerm modes [ '777', '666' ]
299 silly gunzTarPerm modes [ '777', '666' ]
300 silly gunzTarPerm modes [ '777', '666' ]
301 silly gunzTarPerm modes [ '777', '666' ]
302 silly gunzTarPerm extractEntry package.json
303 silly gunzTarPerm modified mode [ 'package.json', 436, 438 ]
304 silly gunzTarPerm extractEntry package.json
305 silly gunzTarPerm modified mode [ 'package.json', 420, 438 ]
306 silly gunzTarPerm extractEntry package.json
307 silly gunzTarPerm modified mode [ 'package.json', 420, 438 ]
308 silly gunzTarPerm extractEntry package.json
309 silly gunzTarPerm modified mode [ 'package.json', 420, 438 ]
310 silly gunzTarPerm extractEntry package.json
311 silly gunzTarPerm modified mode [ 'package.json', 420, 438 ]
312 silly gunzTarPerm extractEntry README.md
313 silly gunzTarPerm modified mode [ 'README.md', 436, 438 ]
314 silly gunzTarPerm extractEntry .npmignore
315 silly gunzTarPerm modified mode [ '.npmignore', 420, 438 ]
316 silly gunzTarPerm extractEntry README.md
317 silly gunzTarPerm modified mode [ 'README.md', 420, 438 ]
318 silly gunzTarPerm extractEntry .npmignore
319 silly gunzTarPerm modified mode [ '.npmignore', 420, 438 ]
320 silly gunzTarPerm extractEntry README.md
321 silly gunzTarPerm modified mode [ 'README.md', 420, 438 ]
322 silly gunzTarPerm extractEntry include_dirs.js
323 silly gunzTarPerm modified mode [ 'include_dirs.js', 436, 438 ]
324 silly gunzTarPerm extractEntry README.md
325 silly gunzTarPerm modified mode [ 'README.md', 420, 438 ]
326 silly gunzTarPerm extractEntry bindings.js
327 silly gunzTarPerm modified mode [ 'bindings.js', 420, 438 ]
328 silly gunzTarPerm extractEntry .npmignore
329 silly gunzTarPerm modified mode [ '.npmignore', 420, 438 ]
330 silly gunzTarPerm extractEntry README.md
331 silly gunzTarPerm modified mode [ 'README.md', 420, 438 ]
332 silly gunzTarPerm extractEntry nan_converters.h
333 silly gunzTarPerm modified mode [ 'nan_converters.h', 436, 438 ]
334 silly gunzTarPerm extractEntry LICENSE.md
335 silly gunzTarPerm modified mode [ 'LICENSE.md', 436, 438 ]
336 silly gunzTarPerm extractEntry .dntrc
337 silly gunzTarPerm modified mode [ '.dntrc', 436, 438 ]
338 silly gunzTarPerm extractEntry fallback.js
339 silly gunzTarPerm modified mode [ 'fallback.js', 420, 438 ]
340 silly gunzTarPerm extractEntry index.js
341 silly gunzTarPerm modified mode [ 'index.js', 420, 438 ]
342 silly gunzTarPerm extractEntry LICENSE
343 silly gunzTarPerm modified mode [ 'LICENSE', 420, 438 ]
344 silly gunzTarPerm extractEntry key
345 silly gunzTarPerm modified mode [ 'key', 420, 438 ]
346 silly gunzTarPerm extractEntry fallback.js
347 silly gunzTarPerm modified mode [ 'fallback.js', 420, 438 ]
348 silly gunzTarPerm extractEntry index.js
349 silly gunzTarPerm modified mode [ 'index.js', 420, 438 ]
350 silly gunzTarPerm extractEntry appveyor.yml
351 silly gunzTarPerm modified mode [ 'appveyor.yml', 436, 438 ]
352 silly gunzTarPerm extractEntry binding.gyp
353 silly gunzTarPerm modified mode [ 'binding.gyp', 420, 438 ]
354 silly gunzTarPerm extractEntry .travis.yml
355 silly gunzTarPerm modified mode [ '.travis.yml', 420, 438 ]
356 silly gunzTarPerm extractEntry lib/sql.js
357 silly gunzTarPerm modified mode [ 'lib/sql.js', 420, 438 ]
358 silly gunzTarPerm extractEntry lib/sqlserver.native.js
359 silly gunzTarPerm modified mode [ 'lib/sqlserver.native.js', 420, 438 ]
360 silly gunzTarPerm extractEntry .travis.yml
361 silly gunzTarPerm modified mode [ '.travis.yml', 420, 438 ]
362 silly gunzTarPerm extractEntry binding.gyp
363 silly gunzTarPerm modified mode [ 'binding.gyp', 420, 438 ]
364 silly gunzTarPerm extractEntry doc/new.md
365 silly gunzTarPerm modified mode [ 'doc/new.md', 436, 438 ]
366 silly gunzTarPerm extractEntry doc/.build.sh
367 silly gunzTarPerm modified mode [ 'doc/.build.sh', 509, 511 ]
368 silly gunzTarPerm extractEntry src/validation.cc
369 silly gunzTarPerm modified mode [ 'src/validation.cc', 420, 438 ]
370 silly gunzTarPerm extractEntry binding.gyp
371 silly gunzTarPerm modified mode [ 'binding.gyp', 420, 438 ]
372 silly gunzTarPerm extractEntry CONTRIBUTORS
373 silly gunzTarPerm modified mode [ 'CONTRIBUTORS', 420, 438 ]
374 silly gunzTarPerm extractEntry src/bufferutil.cc
375 silly gunzTarPerm modified mode [ 'src/bufferutil.cc', 420, 438 ]
376 silly gunzTarPerm extractEntry doc/buffers.md
377 silly gunzTarPerm modified mode [ 'doc/buffers.md', 436, 438 ]
378 silly gunzTarPerm extractEntry doc/callback.md
379 silly gunzTarPerm modified mode [ 'doc/callback.md', 436, 438 ]
380 silly gunzTarPerm extractEntry CONTRIBUTING.md
381 silly gunzTarPerm modified mode [ 'CONTRIBUTING.md', 420, 438 ]
382 silly gunzTarPerm extractEntry scripts/install.js
383 silly gunzTarPerm modified mode [ 'scripts/install.js', 420, 438 ]
384 silly gunzTarPerm extractEntry doc/converters.md
385 silly gunzTarPerm modified mode [ 'doc/converters.md', 436, 438 ]
386 silly gunzTarPerm extractEntry doc/errors.md
387 silly gunzTarPerm modified mode [ 'doc/errors.md', 436, 438 ]
388 silly gunzTarPerm extractEntry src/OdbcHandle.h
389 silly gunzTarPerm modified mode [ 'src/OdbcHandle.h', 420, 438 ]
390 silly gunzTarPerm extractEntry src/Column.cpp
391 silly gunzTarPerm modified mode [ 'src/Column.cpp', 420, 438 ]
392 silly gunzTarPerm extractEntry doc/maybe_types.md
393 silly gunzTarPerm modified mode [ 'doc/maybe_types.md', 436, 438 ]
394 silly gunzTarPerm extractEntry doc/methods.md
395 silly gunzTarPerm modified mode [ 'doc/methods.md', 436, 438 ]
396 silly gunzTarPerm extractEntry doc/asyncworker.md
397 silly gunzTarPerm modified mode [ 'doc/asyncworker.md', 436, 438 ]
398 silly gunzTarPerm extractEntry doc/node_misc.md
399 silly gunzTarPerm modified mode [ 'doc/node_misc.md', 436, 438 ]
400 silly gunzTarPerm extractEntry doc/persistent.md
401 silly gunzTarPerm modified mode [ 'doc/persistent.md', 436, 438 ]
402 silly gunzTarPerm extractEntry doc/scopes.md
403 silly gunzTarPerm modified mode [ 'doc/scopes.md', 436, 438 ]
404 silly gunzTarPerm extractEntry src/Connection.cpp
405 silly gunzTarPerm modified mode [ 'src/Connection.cpp', 420, 438 ]
406 silly gunzTarPerm extractEntry src/Connection.h
407 silly gunzTarPerm modified mode [ 'src/Connection.h', 420, 438 ]
408 silly gunzTarPerm extractEntry doc/script.md
409 silly gunzTarPerm modified mode [ 'doc/script.md', 436, 438 ]
410 silly gunzTarPerm extractEntry doc/string_bytes.md
411 silly gunzTarPerm modified mode [ 'doc/string_bytes.md', 436, 438 ]
412 silly gunzTarPerm extractEntry src/CriticalSection.h
413 silly gunzTarPerm modified mode [ 'src/CriticalSection.h', 420, 438 ]
414 silly gunzTarPerm extractEntry src/OdbcConnection.cpp
415 silly gunzTarPerm modified mode [ 'src/OdbcConnection.cpp', 420, 438 ]
416 silly gunzTarPerm extractEntry doc/v8_internals.md
417 silly gunzTarPerm modified mode [ 'doc/v8_internals.md', 436, 438 ]
418 silly gunzTarPerm extractEntry doc/v8_misc.md
419 silly gunzTarPerm modified mode [ 'doc/v8_misc.md', 436, 438 ]
420 silly gunzTarPerm extractEntry src/OdbcConnection.h
421 silly gunzTarPerm modified mode [ 'src/OdbcConnection.h', 420, 438 ]
422 silly gunzTarPerm extractEntry src/OdbcConnectionBridge.h
423 silly gunzTarPerm modified mode [ 'src/OdbcConnectionBridge.h', 420, 438 ]
424 silly gunzTarPerm extractEntry nan.h
425 silly gunzTarPerm modified mode [ 'nan.h', 436, 438 ]
426 silly gunzTarPerm extractEntry nan_callbacks.h
427 silly gunzTarPerm modified mode [ 'nan_callbacks.h', 436, 438 ]
428 silly gunzTarPerm extractEntry nan_callbacks_12_inl.h
429 silly gunzTarPerm modified mode [ 'nan_callbacks_12_inl.h', 436, 438 ]
430 silly gunzTarPerm extractEntry nan_callbacks_pre_12_inl.h
431 silly gunzTarPerm modified mode [ 'nan_callbacks_pre_12_inl.h', 436, 438 ]
432 silly gunzTarPerm extractEntry nan_converters_43_inl.h
433 silly gunzTarPerm modified mode [ 'nan_converters_43_inl.h', 436, 438 ]
434 silly gunzTarPerm extractEntry nan_converters_pre_43_inl.h
435 silly gunzTarPerm modified mode [ 'nan_converters_pre_43_inl.h', 436, 438 ]
436 silly gunzTarPerm extractEntry nan_implementation_12_inl.h
437 silly gunzTarPerm modified mode [ 'nan_implementation_12_inl.h', 436, 438 ]
438 silly gunzTarPerm extractEntry nan_implementation_pre_12_inl.h
439 silly gunzTarPerm modified mode [ 'nan_implementation_pre_12_inl.h', 436, 438 ]
440 silly gunzTarPerm extractEntry nan_maybe_43_inl.h
441 silly gunzTarPerm modified mode [ 'nan_maybe_43_inl.h', 436, 438 ]
442 silly gunzTarPerm extractEntry nan_maybe_pre_43_inl.h
443 silly gunzTarPerm modified mode [ 'nan_maybe_pre_43_inl.h', 436, 438 ]
444 silly gunzTarPerm extractEntry nan_new.h
445 silly gunzTarPerm modified mode [ 'nan_new.h', 436, 438 ]
446 silly gunzTarPerm extractEntry nan_object_wrap.h
447 silly gunzTarPerm modified mode [ 'nan_object_wrap.h', 436, 438 ]
448 silly gunzTarPerm extractEntry nan_persistent_12_inl.h
449 silly gunzTarPerm modified mode [ 'nan_persistent_12_inl.h', 436, 438 ]
450 silly gunzTarPerm extractEntry nan_persistent_pre_12_inl.h
451 silly gunzTarPerm modified mode [ 'nan_persistent_pre_12_inl.h', 436, 438 ]
452 silly gunzTarPerm extractEntry nan_string_bytes.h
453 silly gunzTarPerm modified mode [ 'nan_string_bytes.h', 436, 438 ]
454 silly gunzTarPerm extractEntry nan_typedarray_contents.h
455 silly gunzTarPerm modified mode [ 'nan_typedarray_contents.h', 436, 438 ]
456 silly gunzTarPerm extractEntry nan_weak.h
457 silly gunzTarPerm modified mode [ 'nan_weak.h', 436, 438 ]
458 silly gunzTarPerm extractEntry CHANGELOG.md
459 silly gunzTarPerm modified mode [ 'CHANGELOG.md', 436, 438 ]
460 silly gunzTarPerm extractEntry tools/package.json
461 silly gunzTarPerm modified mode [ 'tools/package.json', 436, 438 ]
462 silly gunzTarPerm extractEntry tools/README.md
463 silly gunzTarPerm modified mode [ 'tools/README.md', 436, 438 ]
464 silly gunzTarPerm extractEntry tools/1to2.js
465 silly gunzTarPerm modified mode [ 'tools/1to2.js', 509, 511 ]
466 silly gunzTarPerm extractEntry src/OdbcError.cpp
467 silly gunzTarPerm modified mode [ 'src/OdbcError.cpp', 420, 438 ]
468 silly gunzTarPerm extractEntry src/OdbcError.h
469 silly gunzTarPerm modified mode [ 'src/OdbcError.h', 420, 438 ]
470 silly gunzTarPerm extractEntry src/Column.h
471 silly gunzTarPerm modified mode [ 'src/Column.h', 420, 438 ]
472 silly gunzTarPerm extractEntry src/OdbcOperation.cpp
473 silly gunzTarPerm modified mode [ 'src/OdbcOperation.cpp', 420, 438 ]
474 silly gunzTarPerm extractEntry src/OdbcOperation.h
475 silly gunzTarPerm modified mode [ 'src/OdbcOperation.h', 420, 438 ]
476 silly gunzTarPerm extractEntry src/Operation.h
477 silly gunzTarPerm modified mode [ 'src/Operation.h', 420, 438 ]
478 silly gunzTarPerm extractEntry src/ResultSet.cpp
479 silly gunzTarPerm modified mode [ 'src/ResultSet.cpp', 420, 438 ]
480 silly gunzTarPerm extractEntry src/ResultSet.h
481 silly gunzTarPerm modified mode [ 'src/ResultSet.h', 420, 438 ]
482 silly gunzTarPerm extractEntry src/sqlncli.h
483 silly gunzTarPerm modified mode [ 'src/sqlncli.h', 420, 438 ]
484 silly gunzTarPerm extractEntry src/stdafx.cpp
485 silly gunzTarPerm modified mode [ 'src/stdafx.cpp', 420, 438 ]
486 silly gunzTarPerm extractEntry src/stdafx.h
487 silly gunzTarPerm modified mode [ 'src/stdafx.h', 420, 438 ]
488 silly gunzTarPerm extractEntry src/Utility.cpp
489 silly gunzTarPerm modified mode [ 'src/Utility.cpp', 420, 438 ]
490 silly gunzTarPerm extractEntry src/Utility.h
491 silly gunzTarPerm modified mode [ 'src/Utility.h', 420, 438 ]
492 silly gunzTarPerm extractEntry test/CommonTestFunctions.js
493 silly gunzTarPerm modified mode [ 'test/CommonTestFunctions.js', 420, 438 ]
494 silly gunzTarPerm extractEntry test/connect.js
495 silly gunzTarPerm modified mode [ 'test/connect.js', 420, 438 ]
496 silly gunzTarPerm extractEntry test/datatypes.js
497 silly gunzTarPerm modified mode [ 'test/datatypes.js', 420, 438 ]
498 silly gunzTarPerm extractEntry test/dates.js
499 silly gunzTarPerm modified mode [ 'test/dates.js', 420, 438 ]
500 silly gunzTarPerm extractEntry test/compoundqueries.js
501 silly gunzTarPerm modified mode [ 'test/compoundqueries.js', 420, 438 ]
502 silly gunzTarPerm extractEntry test/query.js
503 silly gunzTarPerm modified mode [ 'test/query.js', 420, 438 ]
504 silly gunzTarPerm extractEntry test/runtests.js
505 silly gunzTarPerm modified mode [ 'test/runtests.js', 420, 438 ]
506 silly gunzTarPerm extractEntry test/test-config.js
507 silly gunzTarPerm modified mode [ 'test/test-config.js', 420, 438 ]
508 silly gunzTarPerm extractEntry test/txn.js
509 silly gunzTarPerm modified mode [ 'test/txn.js', 420, 438 ]
510 silly gunzTarPerm extractEntry test/params.js
511 silly gunzTarPerm modified mode [ 'test/params.js', 420, 438 ]
512 silly gunzTarPerm extractEntry test/testlist.txt
513 silly gunzTarPerm modified mode [ 'test/testlist.txt', 420, 438 ]
514 silly doParallel preinstall 5
515 silly preinstall bindings C:\Users\Brandon\desktop\HackHahvahd\Backend\node_modules\.staging\bindings-00fdfdb516f91a57b7102ae0f751d436
516 info lifecycle bindings@1.2.1~preinstall: bindings@1.2.1
517 silly preinstall nan C:\Users\Brandon\desktop\HackHahvahd\Backend\node_modules\.staging\nan-b57ef1118f79a20e82e692ca1ff980ce
518 info lifecycle nan@2.1.0~preinstall: nan@2.1.0
519 silly preinstall bufferutil C:\Users\Brandon\desktop\HackHahvahd\Backend\node_modules\.staging\bufferutil-f6dec6a4655398ab54e9e905dd60e2df
520 info lifecycle bufferutil@1.2.1~preinstall: bufferutil@1.2.1
521 silly preinstall utf-8-validate C:\Users\Brandon\desktop\HackHahvahd\Backend\node_modules\.staging\utf-8-validate-1359d156f90a87ace3549c1ce81dfed9
522 info lifecycle utf-8-validate@1.2.1~preinstall: utf-8-validate@1.2.1
523 silly preinstall msnodesql C:\Users\Brandon\desktop\HackHahvahd\Backend\node_modules\.staging\msnodesql-991754fa3c9780a9c1be961ed4dc19ff
524 info lifecycle msnodesql@0.2.1~preinstall: msnodesql@0.2.1
525 silly lifecycle bindings@1.2.1~preinstall: no script for preinstall, continuing
526 silly lifecycle nan@2.1.0~preinstall: no script for preinstall, continuing
527 silly lifecycle bufferutil@1.2.1~preinstall: no script for preinstall, continuing
528 silly lifecycle utf-8-validate@1.2.1~preinstall: no script for preinstall, continuing
529 silly lifecycle msnodesql@0.2.1~preinstall: no script for preinstall, continuing
530 silly doReverseSerial remove 0
531 silly doSerial move 0
532 silly doSerial finalize 5
533 silly finalize C:\Users\Brandon\desktop\HackHahvahd\Backend\node_modules\bindings
534 silly finalize C:\Users\Brandon\desktop\HackHahvahd\Backend\node_modules\nan
535 silly finalize C:\Users\Brandon\desktop\HackHahvahd\Backend\node_modules\bufferutil
536 silly finalize C:\Users\Brandon\desktop\HackHahvahd\Backend\node_modules\utf-8-validate
537 silly finalize C:\Users\Brandon\desktop\HackHahvahd\Backend\node_modules\msnodesql
538 silly doSerial build 5
539 silly build bindings
540 info linkStuff bindings@1.2.1
541 silly linkStuff bindings@1.2.1 has C:\Users\Brandon\desktop\HackHahvahd\Backend\node_modules as its parent node_modules
542 verbose linkBins bindings@1.2.1
543 verbose linkMans bindings@1.2.1
544 verbose rebuildBundles bindings@1.2.1
545 silly build nan
546 info linkStuff nan@2.1.0
547 silly linkStuff nan@2.1.0 has C:\Users\Brandon\desktop\HackHahvahd\Backend\node_modules as its parent node_modules
548 verbose linkBins nan@2.1.0
549 verbose linkMans nan@2.1.0
550 verbose rebuildBundles nan@2.1.0
551 silly build bufferutil
552 info linkStuff bufferutil@1.2.1
553 silly linkStuff bufferutil@1.2.1 has C:\Users\Brandon\desktop\HackHahvahd\Backend\node_modules as its parent node_modules
554 verbose linkBins bufferutil@1.2.1
555 verbose linkMans bufferutil@1.2.1
556 verbose rebuildBundles bufferutil@1.2.1
557 silly build utf-8-validate
558 info linkStuff utf-8-validate@1.2.1
559 silly linkStuff utf-8-validate@1.2.1 has C:\Users\Brandon\desktop\HackHahvahd\Backend\node_modules as its parent node_modules
560 verbose linkBins utf-8-validate@1.2.1
561 verbose linkMans utf-8-validate@1.2.1
562 verbose rebuildBundles utf-8-validate@1.2.1
563 silly build msnodesql
564 info linkStuff msnodesql@0.2.1
565 silly linkStuff msnodesql@0.2.1 has C:\Users\Brandon\desktop\HackHahvahd\Backend\node_modules as its parent node_modules
566 verbose linkBins msnodesql@0.2.1
567 verbose linkMans msnodesql@0.2.1
568 verbose rebuildBundles msnodesql@0.2.1
569 silly doSerial global-link 0
570 silly doParallel update-linked 0
571 silly doSerial install 5
572 silly install bindings C:\Users\Brandon\desktop\HackHahvahd\Backend\node_modules\.staging\bindings-00fdfdb516f91a57b7102ae0f751d436
573 info lifecycle bindings@1.2.1~install: bindings@1.2.1
574 silly lifecycle bindings@1.2.1~install: no script for install, continuing
575 silly install nan C:\Users\Brandon\desktop\HackHahvahd\Backend\node_modules\.staging\nan-b57ef1118f79a20e82e692ca1ff980ce
576 info lifecycle nan@2.1.0~install: nan@2.1.0
577 silly lifecycle nan@2.1.0~install: no script for install, continuing
578 silly install bufferutil C:\Users\Brandon\desktop\HackHahvahd\Backend\node_modules\.staging\bufferutil-f6dec6a4655398ab54e9e905dd60e2df
579 info lifecycle bufferutil@1.2.1~install: bufferutil@1.2.1
580 verbose lifecycle bufferutil@1.2.1~install: unsafe-perm in lifecycle true
581 verbose lifecycle bufferutil@1.2.1~install: PATH: C:\Users\Brandon\AppData\Roaming\nvm\v5.0.0\node_modules\npm\bin\node-gyp-bin;C:\Users\Brandon\desktop\HackHahvahd\Backend\node_modules\bufferutil\node_modules\.bin;C:\Users\Brandon\desktop\HackHahvahd\Backend\node_modules\.bin;C:\ProgramData\Oracle\Java\javapath;C:\Windows\system32;C:\Windows;C:\Windows\System32\Wbem;C:\Windows\System32\WindowsPowerShell\v1.0\;C:\Program Files\Git\cmd;C:\Python27;C:\Python27\Scripts;C:\Python27\Scripts\easy_install.exe;C:\Program Files (x86)\Skype\Phone\;C:\Anaconda2;C:\Anaconda2\Scripts;C:\Anaconda2\Library\bin;c:\Program Files (x86)\Microsoft SQL Server\100\Tools\Binn\;c:\Program Files\Microsoft SQL Server\100\Tools\Binn\;c:\Program Files\Microsoft SQL Server\100\DTS\Binn\;%NVM_HOME%;%NVM_SYMLINK%;C:\Users\Brandon\AppData\Local\atom\bin;C:\Users\Brandon\AppData\Roaming\npm;C:\Users\Brandon\AppData\Roaming\nvm;C:\Program Files\nodejs
582 verbose lifecycle bufferutil@1.2.1~install: CWD: C:\Users\Brandon\desktop\HackHahvahd\Backend\node_modules\bufferutil
583 silly lifecycle bufferutil@1.2.1~install: Args: [ '/d /s /c', 'node-gyp rebuild' ]
584 silly lifecycle bufferutil@1.2.1~install: Returned: code: 1  signal: null
585 info lifecycle bufferutil@1.2.1~install: Failed to exec install script
586 warn install:bufferutil bufferutil@1.2.1 install: `node-gyp rebuild`
586 warn install:bufferutil Exit status 1
587 verbose install:bufferutil Error: bufferutil@1.2.1 install: `node-gyp rebuild`
587 verbose install:bufferutil Exit status 1
587 verbose install:bufferutil     at EventEmitter.<anonymous> (C:\Users\Brandon\AppData\Roaming\nvm\v5.0.0\node_modules\npm\lib\utils\lifecycle.js:233:16)
587 verbose install:bufferutil     at emitTwo (events.js:87:13)
587 verbose install:bufferutil     at EventEmitter.emit (events.js:172:7)
587 verbose install:bufferutil     at ChildProcess.<anonymous> (C:\Users\Brandon\AppData\Roaming\nvm\v5.0.0\node_modules\npm\lib\utils\spawn.js:24:14)
587 verbose install:bufferutil     at emitTwo (events.js:87:13)
587 verbose install:bufferutil     at ChildProcess.emit (events.js:172:7)
587 verbose install:bufferutil     at maybeClose (internal/child_process.js:818:16)
587 verbose install:bufferutil     at Process.ChildProcess._handle.onexit (internal/child_process.js:211:5)
588 silly install utf-8-validate C:\Users\Brandon\desktop\HackHahvahd\Backend\node_modules\.staging\utf-8-validate-1359d156f90a87ace3549c1ce81dfed9
589 info lifecycle utf-8-validate@1.2.1~install: utf-8-validate@1.2.1
590 verbose lifecycle utf-8-validate@1.2.1~install: unsafe-perm in lifecycle true
591 verbose lifecycle utf-8-validate@1.2.1~install: PATH: C:\Users\Brandon\AppData\Roaming\nvm\v5.0.0\node_modules\npm\bin\node-gyp-bin;C:\Users\Brandon\desktop\HackHahvahd\Backend\node_modules\utf-8-validate\node_modules\.bin;C:\Users\Brandon\desktop\HackHahvahd\Backend\node_modules\.bin;C:\ProgramData\Oracle\Java\javapath;C:\Windows\system32;C:\Windows;C:\Windows\System32\Wbem;C:\Windows\System32\WindowsPowerShell\v1.0\;C:\Program Files\Git\cmd;C:\Python27;C:\Python27\Scripts;C:\Python27\Scripts\easy_install.exe;C:\Program Files (x86)\Skype\Phone\;C:\Anaconda2;C:\Anaconda2\Scripts;C:\Anaconda2\Library\bin;c:\Program Files (x86)\Microsoft SQL Server\100\Tools\Binn\;c:\Program Files\Microsoft SQL Server\100\Tools\Binn\;c:\Program Files\Microsoft SQL Server\100\DTS\Binn\;%NVM_HOME%;%NVM_SYMLINK%;C:\Users\Brandon\AppData\Local\atom\bin;C:\Users\Brandon\AppData\Roaming\npm;C:\Users\Brandon\AppData\Roaming\nvm;C:\Program Files\nodejs
592 verbose lifecycle utf-8-validate@1.2.1~install: CWD: C:\Users\Brandon\desktop\HackHahvahd\Backend\node_modules\utf-8-validate
593 silly lifecycle utf-8-validate@1.2.1~install: Args: [ '/d /s /c', 'node-gyp rebuild' ]
594 silly lifecycle utf-8-validate@1.2.1~install: Returned: code: 1  signal: null
595 info lifecycle utf-8-validate@1.2.1~install: Failed to exec install script
596 warn install:utf-8-validate utf-8-validate@1.2.1 install: `node-gyp rebuild`
596 warn install:utf-8-validate Exit status 1
597 verbose install:utf-8-validate Error: utf-8-validate@1.2.1 install: `node-gyp rebuild`
597 verbose install:utf-8-validate Exit status 1
597 verbose install:utf-8-validate     at EventEmitter.<anonymous> (C:\Users\Brandon\AppData\Roaming\nvm\v5.0.0\node_modules\npm\lib\utils\lifecycle.js:233:16)
597 verbose install:utf-8-validate     at emitTwo (events.js:87:13)
597 verbose install:utf-8-validate     at EventEmitter.emit (events.js:172:7)
597 verbose install:utf-8-validate     at ChildProcess.<anonymous> (C:\Users\Brandon\AppData\Roaming\nvm\v5.0.0\node_modules\npm\lib\utils\spawn.js:24:14)
597 verbose install:utf-8-validate     at emitTwo (events.js:87:13)
597 verbose install:utf-8-validate     at ChildProcess.emit (events.js:172:7)
597 verbose install:utf-8-validate     at maybeClose (internal/child_process.js:818:16)
597 verbose install:utf-8-validate     at Process.ChildProcess._handle.onexit (internal/child_process.js:211:5)
598 silly install msnodesql C:\Users\Brandon\desktop\HackHahvahd\Backend\node_modules\.staging\msnodesql-991754fa3c9780a9c1be961ed4dc19ff
599 info lifecycle msnodesql@0.2.1~install: msnodesql@0.2.1
600 verbose lifecycle msnodesql@0.2.1~install: unsafe-perm in lifecycle true
601 verbose lifecycle msnodesql@0.2.1~install: PATH: C:\Users\Brandon\AppData\Roaming\nvm\v5.0.0\node_modules\npm\bin\node-gyp-bin;C:\Users\Brandon\desktop\HackHahvahd\Backend\node_modules\msnodesql\node_modules\.bin;C:\Users\Brandon\desktop\HackHahvahd\Backend\node_modules\.bin;C:\ProgramData\Oracle\Java\javapath;C:\Windows\system32;C:\Windows;C:\Windows\System32\Wbem;C:\Windows\System32\WindowsPowerShell\v1.0\;C:\Program Files\Git\cmd;C:\Python27;C:\Python27\Scripts;C:\Python27\Scripts\easy_install.exe;C:\Program Files (x86)\Skype\Phone\;C:\Anaconda2;C:\Anaconda2\Scripts;C:\Anaconda2\Library\bin;c:\Program Files (x86)\Microsoft SQL Server\100\Tools\Binn\;c:\Program Files\Microsoft SQL Server\100\Tools\Binn\;c:\Program Files\Microsoft SQL Server\100\DTS\Binn\;%NVM_HOME%;%NVM_SYMLINK%;C:\Users\Brandon\AppData\Local\atom\bin;C:\Users\Brandon\AppData\Roaming\npm;C:\Users\Brandon\AppData\Roaming\nvm;C:\Program Files\nodejs
602 verbose lifecycle msnodesql@0.2.1~install: CWD: C:\Users\Brandon\desktop\HackHahvahd\Backend\node_modules\msnodesql
603 silly lifecycle msnodesql@0.2.1~install: Args: [ '/d /s /c', 'node scripts/install.js' ]
604 silly lifecycle msnodesql@0.2.1~install: Returned: code: 1  signal: null
605 info lifecycle msnodesql@0.2.1~install: Failed to exec install script
606 verbose unlock done using C:\Users\Brandon\AppData\Roaming\npm-cache\_locks\staging-7c0ebbbf4447b481.lock for C:\Users\Brandon\desktop\HackHahvahd\Backend\node_modules\.staging
607 silly rollbackFailedOptional Starting
608 silly rollbackFailedOptional Finishing
609 silly runTopLevelLifecycles Starting
610 silly runTopLevelLifecycles Finishing
611 silly install printInstalled
612 warn ENOENT ENOENT: no such file or directory, open 'C:\Users\Brandon\desktop\HackHahvahd\Backend\package.json'
613 warn EPACKAGEJSON C:\Users\Brandon\desktop\HackHahvahd\Backend No description
614 warn EPACKAGEJSON C:\Users\Brandon\desktop\HackHahvahd\Backend No repository field.
615 warn EPACKAGEJSON C:\Users\Brandon\desktop\HackHahvahd\Backend No README data
616 warn EPACKAGEJSON C:\Users\Brandon\desktop\HackHahvahd\Backend No license field.
617 verbose stack Error: msnodesql@0.2.1 install: `node scripts/install.js`
617 verbose stack Exit status 1
617 verbose stack     at EventEmitter.<anonymous> (C:\Users\Brandon\AppData\Roaming\nvm\v5.0.0\node_modules\npm\lib\utils\lifecycle.js:233:16)
617 verbose stack     at emitTwo (events.js:87:13)
617 verbose stack     at EventEmitter.emit (events.js:172:7)
617 verbose stack     at ChildProcess.<anonymous> (C:\Users\Brandon\AppData\Roaming\nvm\v5.0.0\node_modules\npm\lib\utils\spawn.js:24:14)
617 verbose stack     at emitTwo (events.js:87:13)
617 verbose stack     at ChildProcess.emit (events.js:172:7)
617 verbose stack     at maybeClose (internal/child_process.js:818:16)
617 verbose stack     at Process.ChildProcess._handle.onexit (internal/child_process.js:211:5)
618 verbose pkgid msnodesql@0.2.1
619 verbose cwd C:\Users\Brandon\desktop\HackHahvahd\Backend
620 error Windows_NT 10.0.10240
621 error argv "C:\\Program Files\\nodejs\\node.exe" "C:\\Program Files\\nodejs\\node_modules\\npm\\bin\\npm-cli.js" "install" "msnodesql"
622 error node v5.0.0
623 error npm  v3.3.6
624 error code ELIFECYCLE
625 error msnodesql@0.2.1 install: `node scripts/install.js`
625 error Exit status 1
626 error Failed at the msnodesql@0.2.1 install script 'node scripts/install.js'.
626 error This is most likely a problem with the msnodesql package,
626 error not with npm itself.
626 error Tell the author that this fails on your system:
626 error     node scripts/install.js
626 error You can get their info via:
626 error     npm owner ls msnodesql
626 error There is likely additional logging output above.
627 verbose exit [ 1, true ]
